<?xml version="1.0" encoding="UTF-8"?>
<testsuite name="com.iplanaylser.IPLAnalyserTest" tests="1" skipped="0" failures="0" errors="0" timestamp="2019-12-20T14:07:55" hostname="admin1-H110M-H" time="0.148">
  <properties/>
  <testcase name="givenIPLMostWicketsSampleData_ShouldReturnThePlayerWithTopStrikingRates_With5wAnd4w" classname="com.iplanaylser.IPLAnalyserTest" time="0.148"/>
  <system-out><![CDATA[]]></system-out>
  <system-err><![CDATA[]]></system-err>
</testsuite>
